<?xml version="1.0" encoding="UTF-8"?>
<!-- Generated by org.testng.reporters.JUnitReportReporter -->
<testsuite hostname="Acer-Swift3" failures="0" tests="1" name="cucumber.runners.TestNGRunner" time="14.340" errors="0" timestamp="2022-11-11T20:42:51 IST" skipped="0">
  <testcase classname="cucumber.runners.TestNGRunner" name="runScenario" time="14.340"/>
  <system-out/>
</testsuite> <!-- cucumber.runners.TestNGRunner -->
