<?xml version="1.0" encoding="UTF-8"?>
<!-- Generated by org.testng.reporters.JUnitReportReporter -->
<testsuite hostname="Acer-Swift3" failures="0" tests="1" name="cucumber.runners.TestNGRunner" time="13.525" errors="0" timestamp="2022-11-13T18:42:17 IST" skipped="0">
  <testcase classname="cucumber.runners.TestNGRunner" name="runScenario" time="13.525"/>
  <system-out/>
</testsuite> <!-- cucumber.runners.TestNGRunner -->
